<?xml version="1.0" encoding="UTF-8"?>
<!-- Generated by org.testng.reporters.JUnitXMLReporter -->
<testsuite ignored="0" hostname="DhineshPC" failures="0" tests="6" name="Default test" time="7.544" errors="0" timestamp="2024-03-23T19:46:51 IST">
  <testcase classname="Assessment.Assessment.AppTest" name="open_browser" time="1.405"/>
  <testcase classname="Assessment.Assessment.AppTest" name="print_all_rows" time="3.162"/>
  <testcase classname="Assessment.Assessment.AppTest" name="print_selected_rows" time="0.41"/>
  <testcase classname="Assessment.Assessment.AppTest" name="finding_specific_row" time="0.085"/>
  <testcase classname="Assessment.Assessment.AppTest" name="to_check_element_present" time="0.084"/>
  <testcase classname="Assessment.Assessment.AppTest" name="print_row_which_have_element" time="2.356"/>
</testsuite> <!-- Default test -->
